Determining if the pthread_create exist failed with the following output:
Change Dir: /home/trin_igvc/catkin_ws/build/CMakeFiles/CMakeTmp

Run Build Command:/usr/bin/make "cmTryCompileExec166592973/fast"
/usr/bin/make -f CMakeFiles/cmTryCompileExec166592973.dir/build.make CMakeFiles/cmTryCompileExec166592973.dir/build
make[1]: Entering directory `/home/trin_igvc/catkin_ws/build/CMakeFiles/CMakeTmp'
/usr/bin/cmake -E cmake_progress_report /home/trin_igvc/catkin_ws/build/CMakeFiles/CMakeTmp/CMakeFiles 1
Building C object CMakeFiles/cmTryCompileExec166592973.dir/CheckSymbolExists.c.o
/usr/bin/cc    -o CMakeFiles/cmTryCompileExec166592973.dir/CheckSymbolExists.c.o   -c /home/trin_igvc/catkin_ws/build/CMakeFiles/CMakeTmp/CheckSymbolExists.c
Linking C executable cmTryCompileExec166592973
/usr/bin/cmake -E cmake_link_script CMakeFiles/cmTryCompileExec166592973.dir/link.txt --verbose=1
/usr/bin/cc       CMakeFiles/cmTryCompileExec166592973.dir/CheckSymbolExists.c.o  -o cmTryCompileExec166592973 -rdynamic 
CMakeFiles/cmTryCompileExec166592973.dir/CheckSymbolExists.c.o: In function `main':
CheckSymbolExists.c:(.text+0x16): undefined reference to `pthread_create'
collect2: error: ld returned 1 exit status
make[1]: Leaving directory `/home/trin_igvc/catkin_ws/build/CMakeFiles/CMakeTmp'
make[1]: *** [cmTryCompileExec166592973] Error 1
make: *** [cmTryCompileExec166592973/fast] Error 2

File /home/trin_igvc/catkin_ws/build/CMakeFiles/CMakeTmp/CheckSymbolExists.c:
/* */
#include <pthread.h>

int main(int argc, char** argv)
{
  (void)argv;
#ifndef pthread_create
  return ((int*)(&pthread_create))[argc];
#else
  (void)argc;
  return 0;
#endif
}

Determining if the function pthread_create exists in the pthreads failed with the following output:
Change Dir: /home/trin_igvc/catkin_ws/build/CMakeFiles/CMakeTmp

Run Build Command:/usr/bin/make "cmTryCompileExec3547438998/fast"
/usr/bin/make -f CMakeFiles/cmTryCompileExec3547438998.dir/build.make CMakeFiles/cmTryCompileExec3547438998.dir/build
make[1]: Entering directory `/home/trin_igvc/catkin_ws/build/CMakeFiles/CMakeTmp'
/usr/bin/cmake -E cmake_progress_report /home/trin_igvc/catkin_ws/build/CMakeFiles/CMakeTmp/CMakeFiles 1
Building C object CMakeFiles/cmTryCompileExec3547438998.dir/CheckFunctionExists.c.o
/usr/bin/cc   -DCHECK_FUNCTION_EXISTS=pthread_create   -o CMakeFiles/cmTryCompileExec3547438998.dir/CheckFunctionExists.c.o   -c /usr/share/cmake-2.8/Modules/CheckFunctionExists.c
Linking C executable cmTryCompileExec3547438998
/usr/bin/cmake -E cmake_link_script CMakeFiles/cmTryCompileExec3547438998.dir/link.txt --verbose=1
/usr/bin/cc   -DCHECK_FUNCTION_EXISTS=pthread_create    CMakeFiles/cmTryCompileExec3547438998.dir/CheckFunctionExists.c.o  -o cmTryCompileExec3547438998 -rdynamic -lpthreads 
/usr/bin/ld: cannot find -lpthreads
collect2: error: ld returned 1 exit status
make[1]: Leaving directory `/home/trin_igvc/catkin_ws/build/CMakeFiles/CMakeTmp'
make[1]: *** [cmTryCompileExec3547438998] Error 1
make: *** [cmTryCompileExec3547438998/fast] Error 2


